  skeletonEngine.cpp
d:\dropbox\programowanie\skeletonengine\skeletonengine\myvector.h(10): error C2061: syntax error: identifier 'MyPoint'
d:\dropbox\programowanie\skeletonengine\skeletonengine\myvector.h(10): error C2535: 'MyVector::MyVector(void)': member function already defined or declared
  d:\dropbox\programowanie\skeletonengine\skeletonengine\myvector.h(8): note: see declaration of 'MyVector::MyVector'
d:\dropbox\programowanie\skeletonengine\skeletonengine\myvector.h(12): error C2061: syntax error: identifier 'MyPoint'
d:\dropbox\programowanie\skeletonengine\skeletonengine\myvector.h(37): error C2065: 'MyPoint': undeclared identifier
d:\dropbox\programowanie\skeletonengine\skeletonengine\myvector.h(37): error C2146: syntax error: missing ')' before identifier 'A'
d:\dropbox\programowanie\skeletonengine\skeletonengine\myvector.h(38): error C2143: syntax error: missing ';' before '{'
d:\dropbox\programowanie\skeletonengine\skeletonengine\myvector.h(38): error C2447: '{': missing function header (old-style formal list?)
d:\dropbox\programowanie\skeletonengine\skeletonengine\myvector.h(49): error C2065: 'MyPoint': undeclared identifier
d:\dropbox\programowanie\skeletonengine\skeletonengine\myvector.h(49): error C2146: syntax error: missing ')' before identifier 'A'
d:\dropbox\programowanie\skeletonengine\skeletonengine\myvector.h(50): error C2143: syntax error: missing ';' before '{'
d:\dropbox\programowanie\skeletonengine\skeletonengine\myvector.h(50): error C2447: '{': missing function header (old-style formal list?)
d:\dropbox\programowanie\skeletonengine\skeletonengine\myvector.h(3): error C2011: 'MyVector': 'class' type redefinition
  d:\dropbox\programowanie\skeletonengine\skeletonengine\myvector.h(3): note: see declaration of 'MyVector'
d:\dropbox\programowanie\skeletonengine\skeletonengine\myvector.h(28): error C2027: use of undefined type 'MyVector'
  d:\dropbox\programowanie\skeletonengine\skeletonengine\myvector.h(3): note: see declaration of 'MyVector'
d:\dropbox\programowanie\skeletonengine\skeletonengine\myvector.h(29): error C4430: missing type specifier - int assumed. Note: C++ does not support default-int
d:\dropbox\programowanie\skeletonengine\skeletonengine\myvector.h(30): warning C4508: '{ctor}': function should return a value; 'void' return type assumed
d:\dropbox\programowanie\skeletonengine\skeletonengine\myvector.h(31): error C2027: use of undefined type 'MyVector'
  d:\dropbox\programowanie\skeletonengine\skeletonengine\myvector.h(3): note: see declaration of 'MyVector'
d:\dropbox\programowanie\skeletonengine\skeletonengine\myvector.h(32): error C4430: missing type specifier - int assumed. Note: C++ does not support default-int
d:\dropbox\programowanie\skeletonengine\skeletonengine\myvector.h(33): error C2065: 'x': undeclared identifier
d:\dropbox\programowanie\skeletonengine\skeletonengine\myvector.h(34): error C2065: 'y': undeclared identifier
d:\dropbox\programowanie\skeletonengine\skeletonengine\myvector.h(35): error C2065: 'z': undeclared identifier
d:\dropbox\programowanie\skeletonengine\skeletonengine\myvector.h(36): warning C4508: '{ctor}': function should return a value; 'void' return type assumed
d:\dropbox\programowanie\skeletonengine\skeletonengine\myvector.h(37): error C2027: use of undefined type 'MyVector'
  d:\dropbox\programowanie\skeletonengine\skeletonengine\myvector.h(3): note: see declaration of 'MyVector'
d:\dropbox\programowanie\skeletonengine\skeletonengine\myvector.h(38): error C4430: missing type specifier - int assumed. Note: C++ does not support default-int
d:\dropbox\programowanie\skeletonengine\skeletonengine\myvector.h(39): error C2065: 'x': undeclared identifier
d:\dropbox\programowanie\skeletonengine\skeletonengine\myvector.h(40): error C2065: 'y': undeclared identifier
d:\dropbox\programowanie\skeletonengine\skeletonengine\myvector.h(41): error C2065: 'z': undeclared identifier
d:\dropbox\programowanie\skeletonengine\skeletonengine\myvector.h(42): warning C4508: '{ctor}': function should return a value; 'void' return type assumed
d:\dropbox\programowanie\skeletonengine\skeletonengine\myvector.h(43): error C2027: use of undefined type 'MyVector'
  d:\dropbox\programowanie\skeletonengine\skeletonengine\myvector.h(3): note: see declaration of 'MyVector'
d:\dropbox\programowanie\skeletonengine\skeletonengine\myvector.h(45): error C2065: 'x': undeclared identifier
d:\dropbox\programowanie\skeletonengine\skeletonengine\myvector.h(46): error C2065: 'y': undeclared identifier
d:\dropbox\programowanie\skeletonengine\skeletonengine\myvector.h(47): error C2065: 'z': undeclared identifier
d:\dropbox\programowanie\skeletonengine\skeletonengine\myvector.h(49): error C2027: use of undefined type 'MyVector'
  d:\dropbox\programowanie\skeletonengine\skeletonengine\myvector.h(3): note: see declaration of 'MyVector'
d:\dropbox\programowanie\skeletonengine\skeletonengine\myvector.h(51): error C2065: 'x': undeclared identifier
d:\dropbox\programowanie\skeletonengine\skeletonengine\myvector.h(52): error C2065: 'y': undeclared identifier
d:\dropbox\programowanie\skeletonengine\skeletonengine\myvector.h(53): error C2065: 'z': undeclared identifier
d:\dropbox\programowanie\skeletonengine\skeletonengine\myvector.h(55): error C2027: use of undefined type 'MyVector'
  d:\dropbox\programowanie\skeletonengine\skeletonengine\myvector.h(3): note: see declaration of 'MyVector'
d:\dropbox\programowanie\skeletonengine\skeletonengine\myvector.h(57): error C2065: 'x': undeclared identifier
d:\dropbox\programowanie\skeletonengine\skeletonengine\myvector.h(57): error C2065: 'y': undeclared identifier
d:\dropbox\programowanie\skeletonengine\skeletonengine\myvector.h(57): error C2065: 'z': undeclared identifier
d:\dropbox\programowanie\skeletonengine\skeletonengine\myvector.h(59): error C2027: use of undefined type 'MyVector'
  d:\dropbox\programowanie\skeletonengine\skeletonengine\myvector.h(3): note: see declaration of 'MyVector'
d:\dropbox\programowanie\skeletonengine\skeletonengine\myvector.h(60): error C2027: use of undefined type 'MyVector'
  d:\dropbox\programowanie\skeletonengine\skeletonengine\myvector.h(3): note: see declaration of 'MyVector'
d:\dropbox\programowanie\skeletonengine\skeletonengine\myvector.h(62): error C2065: 'x': undeclared identifier
d:\dropbox\programowanie\skeletonengine\skeletonengine\myvector.h(62): error C2065: 'y': undeclared identifier
d:\dropbox\programowanie\skeletonengine\skeletonengine\myvector.h(62): error C2065: 'z': undeclared identifier
d:\dropbox\programowanie\skeletonengine\skeletonengine\myvector.h(64): error C2027: use of undefined type 'MyVector'
  d:\dropbox\programowanie\skeletonengine\skeletonengine\myvector.h(3): note: see declaration of 'MyVector'
d:\dropbox\programowanie\skeletonengine\skeletonengine\myvector.h(66): error C2065: 'x': undeclared identifier
d:\dropbox\programowanie\skeletonengine\skeletonengine\myvector.h(67): error C2065: 'y': undeclared identifier
d:\dropbox\programowanie\skeletonengine\skeletonengine\myvector.h(68): error C2065: 'z': undeclared identifier
d:\dropbox\programowanie\skeletonengine\skeletonengine\myvector.h(70): error C2027: use of undefined type 'MyVector'
  d:\dropbox\programowanie\skeletonengine\skeletonengine\myvector.h(3): note: see declaration of 'MyVector'
d:\dropbox\programowanie\skeletonengine\skeletonengine\myvector.h(72): error C2079: 'versor' uses undefined class 'MyVector'
d:\dropbox\programowanie\skeletonengine\skeletonengine\myvector.h(72): error C2027: use of undefined type 'MyVector'
  d:\dropbox\programowanie\skeletonengine\skeletonengine\myvector.h(3): note: see declaration of 'MyVector'
d:\dropbox\programowanie\skeletonengine\skeletonengine\myvector.h(73): error C2065: 'x': undeclared identifier
d:\dropbox\programowanie\skeletonengine\skeletonengine\myvector.h(73): error C2228: left of '.x' must have class/struct/union
  d:\dropbox\programowanie\skeletonengine\skeletonengine\myvector.h(73): note: type is 'int'
d:\dropbox\programowanie\skeletonengine\skeletonengine\myvector.h(74): error C2065: 'y': undeclared identifier
d:\dropbox\programowanie\skeletonengine\skeletonengine\myvector.h(74): error C2228: left of '.y' must have class/struct/union
  d:\dropbox\programowanie\skeletonengine\skeletonengine\myvector.h(74): note: type is 'int'
d:\dropbox\programowanie\skeletonengine\skeletonengine\myvector.h(75): error C2065: 'z': undeclared identifier
d:\dropbox\programowanie\skeletonengine\skeletonengine\myvector.h(75): error C2228: left of '.z' must have class/struct/union
  d:\dropbox\programowanie\skeletonengine\skeletonengine\myvector.h(75): note: type is 'int'
d:\dropbox\programowanie\skeletonengine\skeletonengine\myvector.h(77): error C2027: use of undefined type 'MyVector'
  d:\dropbox\programowanie\skeletonengine\skeletonengine\myvector.h(3): note: see declaration of 'MyVector'
d:\dropbox\programowanie\skeletonengine\skeletonengine\myvector.h(78): error C2027: use of undefined type 'MyVector'
  d:\dropbox\programowanie\skeletonengine\skeletonengine\myvector.h(3): note: see declaration of 'MyVector'
d:\dropbox\programowanie\skeletonengine\skeletonengine\myvector.h(79): error C2355: 'this': can only be referenced inside non-static member functions or non-static data member initializers
d:\dropbox\programowanie\skeletonengine\skeletonengine\myvector.h(79): error C2227: left of '->x' must point to class/struct/union/generic type
d:\dropbox\programowanie\skeletonengine\skeletonengine\myvector.h(79): error C2027: use of undefined type 'MyVector'
  d:\dropbox\programowanie\skeletonengine\skeletonengine\myvector.h(3): note: see declaration of 'MyVector'
d:\dropbox\programowanie\skeletonengine\skeletonengine\myvector.h(79): error C2228: left of '.x' must have class/struct/union
d:\dropbox\programowanie\skeletonengine\skeletonengine\myvector.h(79): error C2227: left of '->y' must point to class/struct/union/generic type
d:\dropbox\programowanie\skeletonengine\skeletonengine\myvector.h(79): error C2228: left of '.y' must have class/struct/union
d:\dropbox\programowanie\skeletonengine\skeletonengine\myvector.h(79): error C2227: left of '->z' must point to class/struct/union/generic type
d:\dropbox\programowanie\skeletonengine\skeletonengine\myvector.h(79): error C2228: left of '.z' must have class/struct/union
d:\dropbox\programowanie\skeletonengine\skeletonengine\myvector.h(81): error C2027: use of undefined type 'MyVector'
  d:\dropbox\programowanie\skeletonengine\skeletonengine\myvector.h(3): note: see declaration of 'MyVector'
d:\dropbox\programowanie\skeletonengine\skeletonengine\myvector.h(82): error C2027: use of undefined type 'MyVector'
  d:\dropbox\programowanie\skeletonengine\skeletonengine\myvector.h(3): note: see declaration of 'MyVector'
d:\dropbox\programowanie\skeletonengine\skeletonengine\myvector.h(83): error C2355: 'this': can only be referenced inside non-static member functions or non-static data member initializers
d:\dropbox\programowanie\skeletonengine\skeletonengine\myvector.h(83): error C2227: left of '->x' must point to class/struct/union/generic type
d:\dropbox\programowanie\skeletonengine\skeletonengine\myvector.h(83): error C2027: use of undefined type 'MyVector'
  d:\dropbox\programowanie\skeletonengine\skeletonengine\myvector.h(3): note: see declaration of 'MyVector'
d:\dropbox\programowanie\skeletonengine\skeletonengine\myvector.h(83): error C2228: left of '.x' must have class/struct/union
d:\dropbox\programowanie\skeletonengine\skeletonengine\myvector.h(83): error C2227: left of '->y' must point to class/struct/union/generic type
d:\dropbox\programowanie\skeletonengine\skeletonengine\myvector.h(83): error C2228: left of '.y' must have class/struct/union
d:\dropbox\programowanie\skeletonengine\skeletonengine\myvector.h(83): error C2227: left of '->z' must point to class/struct/union/generic type
d:\dropbox\programowanie\skeletonengine\skeletonengine\myvector.h(83): error C2228: left of '.z' must have class/struct/union
d:\dropbox\programowanie\skeletonengine\skeletonengine\myvector.h(85): error C2027: use of undefined type 'MyVector'
  d:\dropbox\programowanie\skeletonengine\skeletonengine\myvector.h(3): note: see declaration of 'MyVector'
d:\dropbox\programowanie\skeletonengine\skeletonengine\myvector.h(86): error C2027: use of undefined type 'MyVector'
  d:\dropbox\programowanie\skeletonengine\skeletonengine\myvector.h(3): note: see declaration of 'MyVector'
d:\dropbox\programowanie\skeletonengine\skeletonengine\myvector.h(87): error C2355: 'this': can only be referenced inside non-static member functions or non-static data member initializers
d:\dropbox\programowanie\skeletonengine\skeletonengine\myvector.h(87): error C2227: left of '->x' must point to class/struct/union/generic type
d:\dropbox\programowanie\skeletonengine\skeletonengine\myvector.h(87): error C2227: left of '->y' must point to class/struct/union/generic type
d:\dropbox\programowanie\skeletonengine\skeletonengine\myvector.h(87): error C2227: left of '->z' must point to class/struct/union/generic type
d:\dropbox\programowanie\skeletonengine\skeletonengine\myvector.h(89): error C2027: use of undefined type 'MyVector'
  d:\dropbox\programowanie\skeletonengine\skeletonengine\myvector.h(3): note: see declaration of 'MyVector'
d:\dropbox\programowanie\skeletonengine\skeletonengine\myvector.h(90): error C2027: use of undefined type 'MyVector'
  d:\dropbox\programowanie\skeletonengine\skeletonengine\myvector.h(3): note: see declaration of 'MyVector'
d:\dropbox\programowanie\skeletonengine\skeletonengine\myvector.h(91): error C2355: 'this': can only be referenced inside non-static member functions or non-static data member initializers
d:\dropbox\programowanie\skeletonengine\skeletonengine\myvector.h(91): error C2227: left of '->x' must point to class/struct/union/generic type
d:\dropbox\programowanie\skeletonengine\skeletonengine\myvector.h(91): error C2227: left of '->y' must point to class/struct/union/generic type
d:\dropbox\programowanie\skeletonengine\skeletonengine\myvector.h(91): error C2227: left of '->z' must point to class/struct/union/generic type
d:\dropbox\programowanie\skeletonengine\skeletonengine\myvector.h(93): error C2027: use of undefined type 'MyVector'
  d:\dropbox\programowanie\skeletonengine\skeletonengine\myvector.h(3): note: see declaration of 'MyVector'
d:\dropbox\programowanie\skeletonengine\skeletonengine\myvector.h(94): error C2027: use of undefined type 'MyVector'
  d:\dropbox\programowanie\skeletonengine\skeletonengine\myvector.h(3): note: see declaration of 'MyVector'
d:\dropbox\programowanie\skeletonengine\skeletonengine\myvector.h(95): error C2355: 'this': can only be referenced inside non-static member functions or non-static data member initializers
d:\dropbox\programowanie\skeletonengine\skeletonengine\myvector.h(97): error C2027: use of undefined type 'MyVector'
  d:\dropbox\programowanie\skeletonengine\skeletonengine\myvector.h(3): note: see declaration of 'MyVector'
d:\dropbox\programowanie\skeletonengine\skeletonengine\myvector.h(98): error C2027: use of undefined type 'MyVector'
  d:\dropbox\programowanie\skeletonengine\skeletonengine\myvector.h(3): note: see declaration of 'MyVector'
d:\dropbox\programowanie\skeletonengine\skeletonengine\myvector.h(99): error C2355: 'this': can only be referenced inside non-static member functions or non-static data member initializers
d:\dropbox\programowanie\skeletonengine\skeletonengine\myvector.h(101): error C2027: use of undefined type 'MyVector'
  d:\dropbox\programowanie\skeletonengine\skeletonengine\myvector.h(3): note: see declaration of 'MyVector'
d:\dropbox\programowanie\skeletonengine\skeletonengine\myvector.h(102): error C2027: use of undefined type 'MyVector'
  d:\dropbox\programowanie\skeletonengine\skeletonengine\myvector.h(3): note: see declaration of 'MyVector'
d:\dropbox\programowanie\skeletonengine\skeletonengine\myvector.h(103): error C2355: 'this': can only be referenced inside non-static member functions or non-static data member initializers
d:\dropbox\programowanie\skeletonengine\skeletonengine\myvector.h(105): error C2027: use of undefined type 'MyVector'
  d:\dropbox\programowanie\skeletonengine\skeletonengine\myvector.h(3): note: see declaration of 'MyVector'
d:\dropbox\programowanie\skeletonengine\skeletonengine\myvector.h(106): error C2027: use of undefined type 'MyVector'
  d:\dropbox\programowanie\skeletonengine\skeletonengine\myvector.h(3): note: see declaration of 'MyVector'
d:\dropbox\programowanie\skeletonengine\skeletonengine\myvector.h(107): error C2355: 'this': can only be referenced inside non-static member functions or non-static data member initializers
d:\dropbox\programowanie\skeletonengine\skeletonengine\myvector.h(109): error C2027: use of undefined type 'MyVector'
  d:\dropbox\programowanie\skeletonengine\skeletonengine\myvector.h(3): note: see declaration of 'MyVector'
d:\dropbox\programowanie\skeletonengine\skeletonengine\myvector.h(111): error C2065: 'z': undeclared identifier
d:\dropbox\programowanie\skeletonengine\skeletonengine\myvector.h(112): error C2065: 'x': undeclared identifier
d:\dropbox\programowanie\skeletonengine\skeletonengine\myvector.h(112): error C2065: 'y': undeclared identifier
d:\dropbox\programowanie\skeletonengine\skeletonengine\myvector.h(114): error C2065: 'x': undeclared identifier
d:\dropbox\programowanie\skeletonengine\skeletonengine\myvector.h(114): error C2065: 'y': undeclared identifier
d:\dropbox\programowanie\skeletonengine\skeletonengine\myvector.h(114): fatal error C1003: error count exceeds 100; stopping compilation
